<?xml version="1.0" encoding="UTF-8" ?>
<testsuite failures="0" time="3,839.117" errors="0" skipped="0" tests="3" name="za.co.jumpingbean.calamari.DatabaseInitTest">
  <properties>
    <property name="java.runtime.name" value="Java(TM) SE Runtime Environment"/>
    <property name="sun.boot.library.path" value="/usr/lib/jvm/java-6-sun-1.6.0.15/jre/lib/amd64"/>
    <property name="java.vm.version" value="14.1-b02"/>
    <property name="java.vm.vendor" value="Sun Microsystems Inc."/>
    <property name="java.vendor.url" value="http://java.sun.com/"/>
    <property name="path.separator" value=":"/>
    <property name="java.vm.name" value="Java HotSpot(TM) 64-Bit Server VM"/>
    <property name="file.encoding.pkg" value="sun.io"/>
    <property name="user.country" value="ZA"/>
    <property name="sun.java.launcher" value="SUN_STANDARD"/>
    <property name="sun.os.patch.level" value="unknown"/>
    <property name="java.vm.specification.name" value="Java Virtual Machine Specification"/>
    <property name="user.dir" value="/home/mark/workspace/Calamari"/>
    <property name="java.runtime.version" value="1.6.0_15-b03"/>
    <property name="java.awt.graphicsenv" value="sun.awt.X11GraphicsEnvironment"/>
    <property name="basedir" value="/home/mark/workspace/Calamari"/>
    <property name="java.endorsed.dirs" value="/usr/lib/jvm/java-6-sun-1.6.0.15/jre/lib/endorsed"/>
    <property name="os.arch" value="amd64"/>
    <property name="surefire.real.class.path" value="/tmp/surefirebooter3882152437526385372.jar"/>
    <property name="java.io.tmpdir" value="/tmp"/>
    <property name="line.separator" value="
"/>
    <property name="java.vm.specification.vendor" value="Sun Microsystems Inc."/>
    <property name="os.name" value="Linux"/>
    <property name="sun.jnu.encoding" value="UTF-8"/>
    <property name="java.library.path" value="/usr/lib/jvm/java-6-sun-1.6.0.15/jre/lib/amd64/server:/usr/lib/jvm/java-6-sun-1.6.0.15/jre/lib/amd64:/usr/lib/jvm/java-6-sun-1.6.0.15/jre/../lib/amd64:/usr/java/packages/lib/amd64:/lib:/usr/lib"/>
    <property name="surefire.test.class.path" value="/home/mark/workspace/Calamari/target/test-classes:/home/mark/workspace/Calamari/target/classes:/home/mark/.m2/repository/junit/junit/4.8.1/junit-4.8.1.jar:/home/mark/.m2/repository/org/apache/derby/derbyLocale_cs/10.5.3.0_1/derbyLocale_cs-10.5.3.0_1.jar:/home/mark/.m2/repository/org/apache/derby/derby/10.5.3.0_1/derby-10.5.3.0_1.jar:/home/mark/.m2/repository/org/slf4j/slf4j-log4j12/1.4.2/slf4j-log4j12-1.4.2.jar:/home/mark/.m2/repository/org/slf4j/slf4j-api/1.4.2/slf4j-api-1.4.2.jar:/home/mark/.m2/repository/log4j/log4j/1.2.13/log4j-1.2.13.jar:/home/mark/.m2/repository/joda-time/joda-time/1.6/joda-time-1.6.jar:/home/mark/.m2/repository/com/sun/xml/bind/jaxb-impl/2.2/jaxb-impl-2.2.jar:/home/mark/.m2/repository/javax/xml/bind/jaxb-api/2.2/jaxb-api-2.2.jar:/home/mark/.m2/repository/javax/xml/stream/stax-api/1.0-2/stax-api-1.0-2.jar:/home/mark/.m2/repository/javax/activation/activation/1.1/activation-1.1.jar:/home/mark/.m2/repository/javax/ws/rs/jsr311-api/1.1.1/jsr311-api-1.1.1.jar:/home/mark/.m2/repository/com/sun/jersey/jersey-core/1.1.5.1/jersey-core-1.1.5.1.jar:/home/mark/.m2/repository/com/sun/jersey/jersey-server/1.1.5.1/jersey-server-1.1.5.1.jar:/home/mark/.m2/repository/asm/asm/3.1/asm-3.1.jar:/home/mark/.m2/repository/com/sun/grizzly/grizzly-servlet-webserver/1.9.8/grizzly-servlet-webserver-1.9.8.jar:/home/mark/.m2/repository/com/sun/grizzly/grizzly-http/1.9.8/grizzly-http-1.9.8.jar:/home/mark/.m2/repository/com/sun/grizzly/grizzly-framework/1.9.8/grizzly-framework-1.9.8.jar:/home/mark/.m2/repository/com/sun/grizzly/grizzly-utils/1.9.8/grizzly-utils-1.9.8.jar:/home/mark/.m2/repository/com/sun/grizzly/grizzly-rcm/1.9.8/grizzly-rcm-1.9.8.jar:/home/mark/.m2/repository/com/sun/grizzly/grizzly-portunif/1.9.8/grizzly-portunif-1.9.8.jar:/home/mark/.m2/repository/com/sun/grizzly/grizzly-http-servlet/1.9.8/grizzly-http-servlet-1.9.8.jar:/home/mark/.m2/repository/javax/servlet/servlet-api/2.5/servlet-api-2.5.jar:/home/mark/.m2/repository/com/sun/jersey/jersey-client/1.1.5.1/jersey-client-1.1.5.1.jar:"/>
    <property name="java.specification.name" value="Java Platform API Specification"/>
    <property name="java.class.version" value="50.0"/>
    <property name="sun.management.compiler" value="HotSpot 64-Bit Server Compiler"/>
    <property name="os.version" value="2.6.31-20-generic"/>
    <property name="user.home" value="/home/mark"/>
    <property name="user.timezone" value="Africa/Johannesburg"/>
    <property name="java.awt.printerjob" value="sun.print.PSPrinterJob"/>
    <property name="file.encoding" value="UTF-8"/>
    <property name="java.specification.version" value="1.6"/>
    <property name="user.name" value="mark"/>
    <property name="java.class.path" value="/home/mark/workspace/Calamari/target/test-classes:/home/mark/workspace/Calamari/target/classes:/home/mark/.m2/repository/junit/junit/4.8.1/junit-4.8.1.jar:/home/mark/.m2/repository/org/apache/derby/derbyLocale_cs/10.5.3.0_1/derbyLocale_cs-10.5.3.0_1.jar:/home/mark/.m2/repository/org/apache/derby/derby/10.5.3.0_1/derby-10.5.3.0_1.jar:/home/mark/.m2/repository/org/slf4j/slf4j-log4j12/1.4.2/slf4j-log4j12-1.4.2.jar:/home/mark/.m2/repository/org/slf4j/slf4j-api/1.4.2/slf4j-api-1.4.2.jar:/home/mark/.m2/repository/log4j/log4j/1.2.13/log4j-1.2.13.jar:/home/mark/.m2/repository/joda-time/joda-time/1.6/joda-time-1.6.jar:/home/mark/.m2/repository/com/sun/xml/bind/jaxb-impl/2.2/jaxb-impl-2.2.jar:/home/mark/.m2/repository/javax/xml/bind/jaxb-api/2.2/jaxb-api-2.2.jar:/home/mark/.m2/repository/javax/xml/stream/stax-api/1.0-2/stax-api-1.0-2.jar:/home/mark/.m2/repository/javax/activation/activation/1.1/activation-1.1.jar:/home/mark/.m2/repository/javax/ws/rs/jsr311-api/1.1.1/jsr311-api-1.1.1.jar:/home/mark/.m2/repository/com/sun/jersey/jersey-core/1.1.5.1/jersey-core-1.1.5.1.jar:/home/mark/.m2/repository/com/sun/jersey/jersey-server/1.1.5.1/jersey-server-1.1.5.1.jar:/home/mark/.m2/repository/asm/asm/3.1/asm-3.1.jar:/home/mark/.m2/repository/com/sun/grizzly/grizzly-servlet-webserver/1.9.8/grizzly-servlet-webserver-1.9.8.jar:/home/mark/.m2/repository/com/sun/grizzly/grizzly-http/1.9.8/grizzly-http-1.9.8.jar:/home/mark/.m2/repository/com/sun/grizzly/grizzly-framework/1.9.8/grizzly-framework-1.9.8.jar:/home/mark/.m2/repository/com/sun/grizzly/grizzly-utils/1.9.8/grizzly-utils-1.9.8.jar:/home/mark/.m2/repository/com/sun/grizzly/grizzly-rcm/1.9.8/grizzly-rcm-1.9.8.jar:/home/mark/.m2/repository/com/sun/grizzly/grizzly-portunif/1.9.8/grizzly-portunif-1.9.8.jar:/home/mark/.m2/repository/com/sun/grizzly/grizzly-http-servlet/1.9.8/grizzly-http-servlet-1.9.8.jar:/home/mark/.m2/repository/javax/servlet/servlet-api/2.5/servlet-api-2.5.jar:/home/mark/.m2/repository/com/sun/jersey/jersey-client/1.1.5.1/jersey-client-1.1.5.1.jar:"/>
    <property name="java.vm.specification.version" value="1.0"/>
    <property name="sun.arch.data.model" value="64"/>
    <property name="java.home" value="/usr/lib/jvm/java-6-sun-1.6.0.15/jre"/>
    <property name="java.specification.vendor" value="Sun Microsystems Inc."/>
    <property name="user.language" value="en"/>
    <property name="java.vm.info" value="mixed mode"/>
    <property name="java.version" value="1.6.0_15"/>
    <property name="java.ext.dirs" value="/usr/lib/jvm/java-6-sun-1.6.0.15/jre/lib/ext:/usr/java/packages/lib/ext"/>
    <property name="sun.boot.class.path" value="/usr/lib/jvm/java-6-sun-1.6.0.15/jre/lib/resources.jar:/usr/lib/jvm/java-6-sun-1.6.0.15/jre/lib/rt.jar:/usr/lib/jvm/java-6-sun-1.6.0.15/jre/lib/sunrsasign.jar:/usr/lib/jvm/java-6-sun-1.6.0.15/jre/lib/jsse.jar:/usr/lib/jvm/java-6-sun-1.6.0.15/jre/lib/jce.jar:/usr/lib/jvm/java-6-sun-1.6.0.15/jre/lib/charsets.jar:/usr/lib/jvm/java-6-sun-1.6.0.15/jre/classes"/>
    <property name="java.vendor" value="Sun Microsystems Inc."/>
    <property name="localRepository" value="/home/mark/.m2/repository"/>
    <property name="file.separator" value="/"/>
    <property name="java.vendor.url.bug" value="http://java.sun.com/cgi-bin/bugreport.cgi"/>
    <property name="sun.cpu.endian" value="little"/>
    <property name="sun.io.unicode.encoding" value="UnicodeLittle"/>
    <property name="sun.desktop" value="gnome"/>
    <property name="sun.cpu.isalist" value=""/>
  </properties>
  <testcase time="3.188" classname="za.co.jumpingbean.calamari.DatabaseInitTest" name="initDB"/>
  <testcase time="11.249" classname="za.co.jumpingbean.calamari.DatabaseInitTest" name="initDBExists"/>
  <testcase time="3,822.124" classname="za.co.jumpingbean.calamari.DatabaseInitTest" name="importLogFileTest"/>
</testsuite>